

> @repo/ui@1.0.0 lint /home/vivek/Desktop/Personal Projects/algorithmic_dev/packages/ui
> eslint .

[0m[0m
[0m[4m/home/vivek/Desktop/Personal Projects/algorithmic_dev/packages/ui/eslint.config.js[24m[0m
[0m   [2m3:5[22m   [33mwarning[39m  'require' is not defined    [2mno-undef[22m[0m
[0m   [2m5:18[22m  [33mwarning[39m  'require' is not defined    [2mno-undef[22m[0m
[0m   [2m6:12[22m  [33mwarning[39m  'require' is not defined    [2mno-undef[22m[0m
[0m  [2m10:5[22m   [33mwarning[39m  'require' is not defined    [2mno-undef[22m[0m
[0m  [2m13:20[22m  [33mwarning[39m  '__dirname' is not defined  [2mno-undef[22m[0m
[0m  [2m18:1[22m   [33mwarning[39m  'module' is not defined     [2mno-undef[22m[0m
[0m[0m
[0m[4m/home/vivek/Desktop/Personal Projects/algorithmic_dev/packages/ui/src/components/ui/carousel.tsx[24m[0m
[0m  [2m19:13[22m  [33mwarning[39m  'api' is defined but never used  [2mno-unused-vars[22m[0m
[0m[0m
[0m[4m/home/vivek/Desktop/Personal Projects/algorithmic_dev/packages/ui/src/components/ui/custom-select.tsx[24m[0m
[0m  [2m13:14[22m  [33mwarning[39m  'value' is defined but never used  [2mno-unused-vars[22m[0m
[0m[0m
[0m[4m/home/vivek/Desktop/Personal Projects/algorithmic_dev/packages/ui/src/components/ui/sidebar.tsx[24m[0m
[0m  [2m38:13[22m  [33mwarning[39m  'open' is defined but never used   [2mno-unused-vars[22m[0m
[0m  [2m40:19[22m  [33mwarning[39m  'open' is defined but never used   [2mno-unused-vars[22m[0m
[0m  [2m61:21[22m  [33mwarning[39m  'open' is defined but never used   [2mno-unused-vars[22m[0m
[0m  [2m84:27[22m  [33mwarning[39m  'value' is defined but never used  [2mno-unused-vars[22m[0m
[0m[0m
[0m[4m/home/vivek/Desktop/Personal Projects/algorithmic_dev/packages/ui/tailwind.config.ts[24m[0m
[0m   [2m91:9[22m  [33mwarning[39m  Duplicate key 'accordion-down'  [2mno-dupe-keys[22m[0m
[0m   [2m99:9[22m  [33mwarning[39m  Duplicate key 'accordion-up'    [2mno-dupe-keys[22m[0m
[0m  [2m111:9[22m  [33mwarning[39m  Duplicate key 'accordion-down'  [2mno-dupe-keys[22m[0m
[0m  [2m112:9[22m  [33mwarning[39m  Duplicate key 'accordion-up'    [2mno-dupe-keys[22m[0m
[0m[0m
[0m[33m[1m✖ 16 problems (0 errors, 16 warnings)[22m[39m[0m
[0m[33m[1m[22m[39m[0m
